  Game.cpp
D:\PROJECT\VisualStudio2022\Game\Game_Engine\sfml-demo\Game.cpp(193,92): warning C4244: “参数”: 从“int”转换到“_Ty”，可能丢失数据
D:\PROJECT\VisualStudio2022\Game\Game_Engine\sfml-demo\Game.cpp(193,92): warning C4244:         with
D:\PROJECT\VisualStudio2022\Game\Game_Engine\sfml-demo\Game.cpp(193,92): warning C4244:         [
D:\PROJECT\VisualStudio2022\Game\Game_Engine\sfml-demo\Game.cpp(193,92): warning C4244:             _Ty=float
D:\PROJECT\VisualStudio2022\Game\Game_Engine\sfml-demo\Game.cpp(193,92): warning C4244:         ]
D:\PROJECT\VisualStudio2022\Game\Game_Engine\sfml-demo\Game.cpp(203,92): warning C4244: “参数”: 从“int”转换到“_Ty”，可能丢失数据
D:\PROJECT\VisualStudio2022\Game\Game_Engine\sfml-demo\Game.cpp(203,92): warning C4244:         with
D:\PROJECT\VisualStudio2022\Game\Game_Engine\sfml-demo\Game.cpp(203,92): warning C4244:         [
D:\PROJECT\VisualStudio2022\Game\Game_Engine\sfml-demo\Game.cpp(203,92): warning C4244:             _Ty=float
D:\PROJECT\VisualStudio2022\Game\Game_Engine\sfml-demo\Game.cpp(203,92): warning C4244:         ]
D:\PROJECT\VisualStudio2022\Game\Game_Engine\sfml-demo\Game.cpp(272,14): warning C4244: “初始化”: 从“double”转换到“float”，可能丢失数据
C:\Program Files\Microsoft Visual Studio\2022\Community\VC\Tools\MSVC\14.39.33519\include\xutility(255,82): warning C4244: “参数”: 从“int”转换到“float”，可能丢失数据
  (编译源文件“Game.cpp”)
  C:\Program Files\Microsoft Visual Studio\2022\Community\VC\Tools\MSVC\14.39.33519\include\xutility(255,82):
  模板实例化上下文(最早的实例化上下文)为
  	D:\PROJECT\VisualStudio2022\Game\Game_Engine\sfml-demo\Game.cpp(163,24):
  	查看对正在编译的函数 模板 实例化“std::shared_ptr<CShape> std::make_shared<CShape,int&,int&,sf::Color,sf::Color,int&>(int &,int &,sf::Color &&,sf::Color &&,int &)”的引用
  	C:\Program Files\Microsoft Visual Studio\2022\Community\VC\Tools\MSVC\14.39.33519\include\memory(2738,46):
  	查看对正在编译的函数 模板 实例化“std::_Ref_count_obj2<CShape>::_Ref_count_obj2<int&,int&,_Ty,_Ty,int&>(int &,int &,_Ty &&,_Ty &&,int &)”的引用
          with
          [
              _Ty=sf::Color
          ]
  	C:\Program Files\Microsoft Visual Studio\2022\Community\VC\Tools\MSVC\14.39.33519\include\memory(2062,18):
  	查看对正在编译的函数 模板 实例化“void std::_Construct_in_place<_Ty,int&,int&,sf::Color,sf::Color,int&>(_Ty &,int &,int &,sf::Color &&,sf::Color &&,int &) noexcept(false)”的引用
          with
          [
              _Ty=CShape
          ]
  
C:\Program Files\Microsoft Visual Studio\2022\Community\VC\Tools\MSVC\14.39.33519\include\xutility(255,82): warning C4244: “参数”: 从“_Ty”转换到“float”，可能丢失数据
C:\Program Files\Microsoft Visual Studio\2022\Community\VC\Tools\MSVC\14.39.33519\include\xutility(255,82): warning C4244:         with
C:\Program Files\Microsoft Visual Studio\2022\Community\VC\Tools\MSVC\14.39.33519\include\xutility(255,82): warning C4244:         [
C:\Program Files\Microsoft Visual Studio\2022\Community\VC\Tools\MSVC\14.39.33519\include\xutility(255,82): warning C4244:             _Ty=int
C:\Program Files\Microsoft Visual Studio\2022\Community\VC\Tools\MSVC\14.39.33519\include\xutility(255,82): warning C4244:         ]
  (编译源文件“Game.cpp”)
  C:\Program Files\Microsoft Visual Studio\2022\Community\VC\Tools\MSVC\14.39.33519\include\xutility(255,82):
  模板实例化上下文(最早的实例化上下文)为
  	D:\PROJECT\VisualStudio2022\Game\Game_Engine\sfml-demo\Game.cpp(290,20):
  	查看对正在编译的函数 模板 实例化“std::shared_ptr<CShape> std::make_shared<CShape,float,int&,const sf::Color&,const sf::Color&,int>(float &&,int &,const sf::Color &,const sf::Color &,int &&)”的引用
  	C:\Program Files\Microsoft Visual Studio\2022\Community\VC\Tools\MSVC\14.39.33519\include\memory(2738,46):
  	查看对正在编译的函数 模板 实例化“std::_Ref_count_obj2<CShape>::_Ref_count_obj2<_Ty,int&,const sf::Color&,const sf::Color&,int>(_Ty &&,int &,const sf::Color &,const sf::Color &,int &&)”的引用
          with
          [
              _Ty=float
          ]
  	C:\Program Files\Microsoft Visual Studio\2022\Community\VC\Tools\MSVC\14.39.33519\include\memory(2062,18):
  	查看对正在编译的函数 模板 实例化“void std::_Construct_in_place<_Ty,float,int&,const sf::Color&,const sf::Color&,int>(_Ty &,float &&,int &,const sf::Color &,const sf::Color &,int &&) noexcept(false)”的引用
          with
          [
              _Ty=CShape
          ]
  
  正在生成代码
  3 of 906 functions ( 0.3%) were compiled, the rest were copied from previous compilation.
    0 functions were new in current compilation
    3 functions had inline decision re-evaluated but remain unchanged
  已完成代码的生成
  sfml-demo.vcxproj -> D:\PROJECT\VisualStudio2022\Game\Game_Engine\x64\Release\sfml-demo.exe
